app/build/outputs/logs/manifest-merger-debug-report.txt
-- Merging decision tree log ---
manifest
ADDED from src/main/AndroidManifest.xml:2:1-93:12
	package
		ADDED from src/main/AndroidManifest.xml:3:5-32
		INJECTED from src/main/AndroidManifest.xml
		INJECTED from src/main/AndroidManifest.xml
	android:versionName
		INJECTED from src/main/AndroidManifest.xml
		INJECTED from src/main/AndroidManifest.xml
	xmlns:android
		ADDED from src/main/AndroidManifest.xml:2:11-69
	android:versionCode
		INJECTED from src/main/AndroidManifest.xml
		INJECTED from src/main/AndroidManifest.xml
uses-permission#android.permission.INTERNET
ADDED from src/main/AndroidManifest.xml:5:5-67
MERGED from [com.google.android.gms:play-services-ads:8.4.0] AndroidManifest.xml:20:5-66
MERGED from [com.google.android.gms:play-services-analytics:8.4.0] AndroidManifest.xml:21:5-67
MERGED from [com.google.android.gms:play-services-appinvite:8.4.0] AndroidManifest.xml:19:5-67
MERGED from [com.google.android.gms:play-services-maps:8.4.0] AndroidManifest.xml:21:5-66
MERGED from [com.google.android.gms:play-services-gcm:8.4.0] AndroidManifest.xml:22:5-67
MERGED from [com.google.android.gms:play-services-measurement:8.4.0] AndroidManifest.xml:21:5-67
MERGED from [com.google.android.gms:play-services-maps:8.4.0] AndroidManifest.xml:21:5-66
MERGED from [com.google.android.gms:play-services-maps:8.4.0] AndroidManifest.xml:21:5-66
MERGED from [com.google.android.gms:play-services-measurement:8.4.0] AndroidManifest.xml:21:5-67
MERGED from [com.google.android.gms:play-services-maps:8.4.0] AndroidManifest.xml:21:5-66
	android:name
		ADDED from src/main/AndroidManifest.xml:5:22-64
uses-permission#android.permission.WRITE_INTERNAL_STORAGE
ADDED from src/main/AndroidManifest.xml:6:5-81
	android:name
		ADDED from src/main/AndroidManifest.xml:6:22-78
uses-permission#android.permission.WRITE_EXTERNAL_STORAGE
ADDED from src/main/AndroidManifest.xml:7:5-81
	android:name
		ADDED from src/main/AndroidManifest.xml:7:22-78
uses-permission#android.permission.READ_EXTERNAL_STORAGE
ADDED from src/main/AndroidManifest.xml:8:5-80
	android:name
		ADDED from src/main/AndroidManifest.xml:8:22-77
application
ADDED from src/main/AndroidManifest.xml:10:5-91:19
MERGED from [com.android.support:appcompat-v7:23.3.0] AndroidManifest.xml:25:5-20
MERGED from [com.android.support:support-vector-drawable:23.3.0] AndroidManifest.xml:7:5-20
MERGED from [com.android.support:support-v4:23.3.0] AndroidManifest.xml:22:5-20
MERGED from [com.android.support:animated-vector-drawable:23.3.0] AndroidManifest.xml:7:5-20
MERGED from [com.android.support:support-vector-drawable:23.3.0] AndroidManifest.xml:7:5-20
MERGED from [com.android.support:support-v4:23.3.0] AndroidManifest.xml:22:5-20
MERGED from [com.android.support:support-v4:23.3.0] AndroidManifest.xml:22:5-20
MERGED from [com.google.android.gms:play-services:8.4.0] AndroidManifest.xml:19:5-20
MERGED from [com.google.android.gms:play-services-ads:8.4.0] AndroidManifest.xml:24:5-32:19
MERGED from [com.google.android.gms:play-services-basement:8.4.0] AndroidManifest.xml:20:5-24:19
MERGED from [com.android.support:support-v4:23.3.0] AndroidManifest.xml:22:5-20
MERGED from [com.google.android.gms:play-services-analytics:8.4.0] AndroidManifest.xml:24:5-20
MERGED from [com.google.android.gms:play-services-basement:8.4.0] AndroidManifest.xml:20:5-24:19
MERGED from [com.android.support:support-v4:23.3.0] AndroidManifest.xml:22:5-20
MERGED from [com.google.android.gms:play-services-appindexing:8.4.0] AndroidManifest.xml:19:5-20
MERGED from [com.google.android.gms:play-services-basement:8.4.0] AndroidManifest.xml:20:5-24:19
MERGED from [com.android.support:support-v4:23.3.0] AndroidManifest.xml:22:5-20
MERGED from [com.google.android.gms:play-services-appinvite:8.4.0] AndroidManifest.xml:20:5-30:19
MERGED from [com.google.android.gms:play-services-basement:8.4.0] AndroidManifest.xml:20:5-24:19
MERGED from [com.android.support:support-v4:23.3.0] AndroidManifest.xml:22:5-20
MERGED from [com.google.android.gms:play-services-appstate:8.4.0] AndroidManifest.xml:19:5-20
MERGED from [com.google.android.gms:play-services-basement:8.4.0] AndroidManifest.xml:20:5-24:19
MERGED from [com.android.support:support-v4:23.3.0] AndroidManifest.xml:22:5-20
MERGED from [com.google.android.gms:play-services-auth:8.4.0] AndroidManifest.xml:20:5-32:19
MERGED from [com.google.android.gms:play-services-basement:8.4.0] AndroidManifest.xml:20:5-24:19
MERGED from [com.android.support:support-v4:23.3.0] AndroidManifest.xml:22:5-20
MERGED from [com.google.android.gms:play-services-basement:8.4.0] AndroidManifest.xml:20:5-24:19
MERGED from [com.android.support:support-v4:23.3.0] AndroidManifest.xml:22:5-20
MERGED from [com.google.android.gms:play-services-basement:8.4.0] AndroidManifest.xml:20:5-24:19
MERGED from [com.android.support:support-v4:23.3.0] AndroidManifest.xml:22:5-20
MERGED from [com.google.android.gms:play-services-cast:8.4.0] AndroidManifest.xml:19:5-20
MERGED from [com.google.android.gms:play-services-basement:8.4.0] AndroidManifest.xml:20:5-24:19
MERGED from [com.android.support:support-v4:23.3.0] AndroidManifest.xml:22:5-20
MERGED from [com.android.support:mediarouter-v7:23.0.0] AndroidManifest.xml:22:5-20
MERGED from [com.android.support:appcompat-v7:23.3.0] AndroidManifest.xml:25:5-20
MERGED from [com.android.support:support-vector-drawable:23.3.0] AndroidManifest.xml:7:5-20
MERGED from [com.android.support:support-v4:23.3.0] AndroidManifest.xml:22:5-20
MERGED from [com.android.support:animated-vector-drawable:23.3.0] AndroidManifest.xml:7:5-20
MERGED from [com.android.support:support-vector-drawable:23.3.0] AndroidManifest.xml:7:5-20
MERGED from [com.android.support:support-v4:23.3.0] AndroidManifest.xml:22:5-20
MERGED from [com.android.support:support-v4:23.3.0] AndroidManifest.xml:22:5-20
MERGED from [com.google.android.gms:play-services-drive:8.4.0] AndroidManifest.xml:19:5-20
MERGED from [com.google.android.gms:play-services-basement:8.4.0] AndroidManifest.xml:20:5-24:19
MERGED from [com.android.support:support-v4:23.3.0] AndroidManifest.xml:22:5-20
MERGED from [com.google.android.gms:play-services-fitness:8.4.0] AndroidManifest.xml:19:5-20
MERGED from [com.google.android.gms:play-services-basement:8.4.0] AndroidManifest.xml:20:5-24:19
MERGED from [com.android.support:support-v4:23.3.0] AndroidManifest.xml:22:5-20
MERGED from [com.google.android.gms:play-services-location:8.4.0] AndroidManifest.xml:19:5-20
MERGED from [com.google.android.gms:play-services-basement:8.4.0] AndroidManifest.xml:20:5-24:19
MERGED from [com.android.support:support-v4:23.3.0] AndroidManifest.xml:22:5-20
MERGED from [com.google.android.gms:play-services-maps:8.4.0] AndroidManifest.xml:27:5-20
MERGED from [com.google.android.gms:play-services-basement:8.4.0] AndroidManifest.xml:20:5-24:19
MERGED from [com.android.support:support-v4:23.3.0] AndroidManifest.xml:22:5-20
MERGED from [com.google.android.gms:play-services-games:8.4.0] AndroidManifest.xml:19:5-20
MERGED from [com.google.android.gms:play-services-basement:8.4.0] AndroidManifest.xml:20:5-24:19
MERGED from [com.android.support:support-v4:23.3.0] AndroidManifest.xml:22:5-20
MERGED from [com.google.android.gms:play-services-drive:8.4.0] AndroidManifest.xml:19:5-20
MERGED from [com.google.android.gms:play-services-basement:8.4.0] AndroidManifest.xml:20:5-24:19
MERGED from [com.android.support:support-v4:23.3.0] AndroidManifest.xml:22:5-20
MERGED from [com.google.android.gms:play-services-gcm:8.4.0] AndroidManifest.xml:24:5-20
MERGED from [com.google.android.gms:play-services-basement:8.4.0] AndroidManifest.xml:20:5-24:19
MERGED from [com.android.support:support-v4:23.3.0] AndroidManifest.xml:22:5-20
MERGED from [com.google.android.gms:play-services-measurement:8.4.0] AndroidManifest.xml:26:5-46:19
MERGED from [com.google.android.gms:play-services-basement:8.4.0] AndroidManifest.xml:20:5-24:19
MERGED from [com.android.support:support-v4:23.3.0] AndroidManifest.xml:22:5-20
MERGED from [com.google.android.gms:play-services-identity:8.4.0] AndroidManifest.xml:19:5-20
MERGED from [com.google.android.gms:play-services-basement:8.4.0] AndroidManifest.xml:20:5-24:19
MERGED from [com.android.support:support-v4:23.3.0] AndroidManifest.xml:22:5-20
MERGED from [com.google.android.gms:play-services-location:8.4.0] AndroidManifest.xml:19:5-20
MERGED from [com.google.android.gms:play-services-basement:8.4.0] AndroidManifest.xml:20:5-24:19
MERGED from [com.android.support:support-v4:23.3.0] AndroidManifest.xml:22:5-20
MERGED from [com.google.android.gms:play-services-maps:8.4.0] AndroidManifest.xml:27:5-20
MERGED from [com.google.android.gms:play-services-basement:8.4.0] AndroidManifest.xml:20:5-24:19
MERGED from [com.android.support:support-v4:23.3.0] AndroidManifest.xml:22:5-20
MERGED from [com.google.android.gms:play-services-maps:8.4.0] AndroidManifest.xml:27:5-20
MERGED from [com.google.android.gms:play-services-basement:8.4.0] AndroidManifest.xml:20:5-24:19
MERGED from [com.android.support:support-v4:23.3.0] AndroidManifest.xml:22:5-20
MERGED from [com.google.android.gms:play-services-measurement:8.4.0] AndroidManifest.xml:26:5-46:19
MERGED from [com.google.android.gms:play-services-basement:8.4.0] AndroidManifest.xml:20:5-24:19
MERGED from [com.android.support:support-v4:23.3.0] AndroidManifest.xml:22:5-20
MERGED from [com.google.android.gms:play-services-nearby:8.4.0] AndroidManifest.xml:20:5-20
MERGED from [com.google.android.gms:play-services-basement:8.4.0] AndroidManifest.xml:20:5-24:19
MERGED from [com.android.support:support-v4:23.3.0] AndroidManifest.xml:22:5-20
MERGED from [com.google.android.gms:play-services-panorama:8.4.0] AndroidManifest.xml:19:5-20
MERGED from [com.google.android.gms:play-services-basement:8.4.0] AndroidManifest.xml:20:5-24:19
MERGED from [com.android.support:support-v4:23.3.0] AndroidManifest.xml:22:5-20
MERGED from [com.google.android.gms:play-services-plus:8.4.0] AndroidManifest.xml:19:5-20
MERGED from [com.google.android.gms:play-services-basement:8.4.0] AndroidManifest.xml:20:5-24:19
MERGED from [com.android.support:support-v4:23.3.0] AndroidManifest.xml:22:5-20
MERGED from [com.google.android.gms:play-services-safetynet:8.4.0] AndroidManifest.xml:19:5-20
MERGED from [com.google.android.gms:play-services-basement:8.4.0] AndroidManifest.xml:20:5-24:19
MERGED from [com.android.support:support-v4:23.3.0] AndroidManifest.xml:22:5-20
MERGED from [com.google.android.gms:play-services-vision:8.4.0] AndroidManifest.xml:5:5-20
MERGED from [com.google.android.gms:play-services-basement:8.4.0] AndroidManifest.xml:20:5-24:19
MERGED from [com.android.support:support-v4:23.3.0] AndroidManifest.xml:22:5-20
MERGED from [com.google.android.gms:play-services-basement:8.4.0] AndroidManifest.xml:20:5-24:19
MERGED from [com.android.support:support-v4:23.3.0] AndroidManifest.xml:22:5-20
MERGED from [com.google.android.gms:play-services-identity:8.4.0] AndroidManifest.xml:19:5-20
MERGED from [com.google.android.gms:play-services-basement:8.4.0] AndroidManifest.xml:20:5-24:19
MERGED from [com.android.support:support-v4:23.3.0] AndroidManifest.xml:22:5-20
MERGED from [com.google.android.gms:play-services-maps:8.4.0] AndroidManifest.xml:27:5-20
MERGED from [com.google.android.gms:play-services-basement:8.4.0] AndroidManifest.xml:20:5-24:19
MERGED from [com.android.support:support-v4:23.3.0] AndroidManifest.xml:22:5-20
MERGED from [com.google.android.gms:play-services-wearable:8.4.0] AndroidManifest.xml:19:5-20
MERGED from [com.google.android.gms:play-services-basement:8.4.0] AndroidManifest.xml:20:5-24:19
MERGED from [com.android.support:support-v4:23.3.0] AndroidManifest.xml:22:5-20
	android:label
		ADDED from src/main/AndroidManifest.xml:13:9-41
	android:supportsRtl
		ADDED from src/main/AndroidManifest.xml:14:9-35
	android:allowBackup
		ADDED from src/main/AndroidManifest.xml:11:9-35
	android:icon
		ADDED from src/main/AndroidManifest.xml:12:9-39
	android:theme
		ADDED from src/main/AndroidManifest.xml:15:9-40
meta-data#com.google.android.geo.API_KEY
ADDED from src/main/AndroidManifest.xml:16:9-18:71
	android:value
		ADDED from src/main/AndroidManifest.xml:18:13-68
	android:name
		ADDED from src/main/AndroidManifest.xml:17:13-58
activity#at.ac.univie.frog.StartActivity
ADDED from src/main/AndroidManifest.xml:20:9-29:20
	android:screenOrientation
		ADDED from src/main/AndroidManifest.xml:22:13-49
	android:windowSoftInputMode
		ADDED from src/main/AndroidManifest.xml:23:13-52
	android:name
		ADDED from src/main/AndroidManifest.xml:21:13-42
intent-filter#android.intent.action.MAIN+android.intent.category.LAUNCHER
ADDED from src/main/AndroidManifest.xml:24:13-28:29
action#android.intent.action.MAIN
ADDED from src/main/AndroidManifest.xml:25:17-69
	android:name
		ADDED from src/main/AndroidManifest.xml:25:25-66
category#android.intent.category.LAUNCHER
ADDED from src/main/AndroidManifest.xml:27:17-77
	android:name
		ADDED from src/main/AndroidManifest.xml:27:27-74
activity#at.ac.univie.frog.FriendActivity
ADDED from src/main/AndroidManifest.xml:34:9-37:55
	android:screenOrientation
		ADDED from src/main/AndroidManifest.xml:36:13-49
	android:windowSoftInputMode
		ADDED from src/main/AndroidManifest.xml:37:13-52
	android:name
		ADDED from src/main/AndroidManifest.xml:35:13-43
activity#at.ac.univie.frog.FriendDetailActivity
ADDED from src/main/AndroidManifest.xml:38:9-41:55
	android:screenOrientation
		ADDED from src/main/AndroidManifest.xml:40:13-49
	android:windowSoftInputMode
		ADDED from src/main/AndroidManifest.xml:41:13-52
	android:name
		ADDED from src/main/AndroidManifest.xml:39:13-49
activity#at.ac.univie.frog.Overview
ADDED from src/main/AndroidManifest.xml:42:9-45:55
	android:screenOrientation
		ADDED from src/main/AndroidManifest.xml:44:13-49
	android:windowSoftInputMode
		ADDED from src/main/AndroidManifest.xml:45:13-52
	android:name
		ADDED from src/main/AndroidManifest.xml:43:13-37
activity#at.ac.univie.frog.GroupActivity
ADDED from src/main/AndroidManifest.xml:46:9-49:55
	android:screenOrientation
		ADDED from src/main/AndroidManifest.xml:48:13-49
	android:windowSoftInputMode
		ADDED from src/main/AndroidManifest.xml:49:13-52
	android:name
		ADDED from src/main/AndroidManifest.xml:47:13-42
activity#at.ac.univie.frog.AddFriendActivity
ADDED from src/main/AndroidManifest.xml:50:9-53:55
	android:screenOrientation
		ADDED from src/main/AndroidManifest.xml:52:13-49
	android:windowSoftInputMode
		ADDED from src/main/AndroidManifest.xml:53:13-52
	android:name
		ADDED from src/main/AndroidManifest.xml:51:13-46
activity#at.ac.univie.frog.AddDummyActivity
ADDED from src/main/AndroidManifest.xml:54:9-57:55
	android:screenOrientation
		ADDED from src/main/AndroidManifest.xml:56:13-49
	android:windowSoftInputMode
		ADDED from src/main/AndroidManifest.xml:57:13-52
	android:name
		ADDED from src/main/AndroidManifest.xml:55:13-45
activity#at.ac.univie.frog.MeActivity
ADDED from src/main/AndroidManifest.xml:58:9-61:55
	android:screenOrientation
		ADDED from src/main/AndroidManifest.xml:60:13-49
	android:windowSoftInputMode
		ADDED from src/main/AndroidManifest.xml:61:13-52
	android:name
		ADDED from src/main/AndroidManifest.xml:59:13-39
activity#at.ac.univie.frog.SettingActivity
ADDED from src/main/AndroidManifest.xml:62:9-65:55
	android:screenOrientation
		ADDED from src/main/AndroidManifest.xml:64:13-49
	android:windowSoftInputMode
		ADDED from src/main/AndroidManifest.xml:65:13-52
	android:name
		ADDED from src/main/AndroidManifest.xml:63:13-44
activity#at.ac.univie.frog.MapView
ADDED from src/main/AndroidManifest.xml:66:9-69:55
	android:screenOrientation
		ADDED from src/main/AndroidManifest.xml:68:13-49
	android:windowSoftInputMode
		ADDED from src/main/AndroidManifest.xml:69:13-52
	android:name
		ADDED from src/main/AndroidManifest.xml:67:13-36
activity#at.ac.univie.frog.AddGroupActivity
ADDED from src/main/AndroidManifest.xml:70:9-73:55
	android:screenOrientation
		ADDED from src/main/AndroidManifest.xml:72:13-49
	android:windowSoftInputMode
		ADDED from src/main/AndroidManifest.xml:73:13-52
	android:name
		ADDED from src/main/AndroidManifest.xml:71:13-45
activity#at.ac.univie.frog.GroupDetailActivity
ADDED from src/main/AndroidManifest.xml:74:9-77:55
	android:screenOrientation
		ADDED from src/main/AndroidManifest.xml:76:13-49
	android:windowSoftInputMode
		ADDED from src/main/AndroidManifest.xml:77:13-52
	android:name
		ADDED from src/main/AndroidManifest.xml:75:13-48
activity#at.ac.univie.frog.AddExpenseActivity
ADDED from src/main/AndroidManifest.xml:78:9-81:55
	android:screenOrientation
		ADDED from src/main/AndroidManifest.xml:80:13-49
	android:windowSoftInputMode
		ADDED from src/main/AndroidManifest.xml:81:13-52
	android:name
		ADDED from src/main/AndroidManifest.xml:79:13-47
activity#at.ac.univie.frog.SplitOptionActivity
ADDED from src/main/AndroidManifest.xml:82:9-85:55
	android:screenOrientation
		ADDED from src/main/AndroidManifest.xml:84:13-49
	android:windowSoftInputMode
		ADDED from src/main/AndroidManifest.xml:85:13-52
	android:name
		ADDED from src/main/AndroidManifest.xml:83:13-48
activity#at.ac.univie.frog.SplitViewActivity
ADDED from src/main/AndroidManifest.xml:86:9-89:64
	android:screenOrientation
		ADDED from src/main/AndroidManifest.xml:88:13-49
	android:windowSoftInputMode
		ADDED from src/main/AndroidManifest.xml:89:13-52
	android:name
		ADDED from src/main/AndroidManifest.xml:87:13-46
activity#at.ac.univie.frog.ExpenseDetailActivity
ADDED from src/main/AndroidManifest.xml:90:9-68
	android:name
		ADDED from src/main/AndroidManifest.xml:90:19-56
uses-sdk
INJECTED from src/main/AndroidManifest.xml reason: use-sdk injection requested
MERGED from [com.android.support:appcompat-v7:23.3.0] AndroidManifest.xml:21:5-23:78
MERGED from [com.android.support:support-vector-drawable:23.3.0] AndroidManifest.xml:5:5-43
MERGED from [com.android.support:support-v4:23.3.0] AndroidManifest.xml:20:5-43
MERGED from [com.android.support:animated-vector-drawable:23.3.0] AndroidManifest.xml:5:5-44
MERGED from [com.android.support:support-vector-drawable:23.3.0] AndroidManifest.xml:5:5-43
MERGED from [com.android.support:support-v4:23.3.0] AndroidManifest.xml:20:5-43
MERGED from [com.android.support:support-v4:23.3.0] AndroidManifest.xml:20:5-43
MERGED from [com.google.android.gms:play-services:8.4.0] AndroidManifest.xml:18:5-42
MERGED from [com.google.android.gms:play-services-ads:8.4.0] AndroidManifest.xml:23:5-42
MERGED from [com.google.android.gms:play-services-basement:8.4.0] AndroidManifest.xml:18:5-42
MERGED from [com.android.support:support-v4:23.3.0] AndroidManifest.xml:20:5-43
MERGED from [com.google.android.gms:play-services-analytics:8.4.0] AndroidManifest.xml:18:5-42
MERGED from [com.google.android.gms:play-services-basement:8.4.0] AndroidManifest.xml:18:5-42
MERGED from [com.android.support:support-v4:23.3.0] AndroidManifest.xml:20:5-43
MERGED from [com.google.android.gms:play-services-appindexing:8.4.0] AndroidManifest.xml:18:5-42
MERGED from [com.google.android.gms:play-services-base:8.4.0] AndroidManifest.xml:18:5-42
MERGED from [com.google.android.gms:play-services-basement:8.4.0] AndroidManifest.xml:18:5-42
MERGED from [com.android.support:support-v4:23.3.0] AndroidManifest.xml:20:5-43
MERGED from [com.google.android.gms:play-services-appinvite:8.4.0] AndroidManifest.xml:18:5-42
MERGED from [com.google.android.gms:play-services-base:8.4.0] AndroidManifest.xml:18:5-42
MERGED from [com.google.android.gms:play-services-basement:8.4.0] AndroidManifest.xml:18:5-42
MERGED from [com.android.support:support-v4:23.3.0] AndroidManifest.xml:20:5-43
MERGED from [com.google.android.gms:play-services-appstate:8.4.0] AndroidManifest.xml:18:5-42
MERGED from [com.google.android.gms:play-services-base:8.4.0] AndroidManifest.xml:18:5-42
MERGED from [com.google.android.gms:play-services-basement:8.4.0] AndroidManifest.xml:18:5-42
MERGED from [com.android.support:support-v4:23.3.0] AndroidManifest.xml:20:5-43
MERGED from [com.google.android.gms:play-services-auth:8.4.0] AndroidManifest.xml:18:5-43
MERGED from [com.google.android.gms:play-services-base:8.4.0] AndroidManifest.xml:18:5-42
MERGED from [com.google.android.gms:play-services-basement:8.4.0] AndroidManifest.xml:18:5-42
MERGED from [com.android.support:support-v4:23.3.0] AndroidManifest.xml:20:5-43
MERGED from [com.google.android.gms:play-services-base:8.4.0] AndroidManifest.xml:18:5-42
MERGED from [com.google.android.gms:play-services-basement:8.4.0] AndroidManifest.xml:18:5-42
MERGED from [com.android.support:support-v4:23.3.0] AndroidManifest.xml:20:5-43
MERGED from [com.google.android.gms:play-services-basement:8.4.0] AndroidManifest.xml:18:5-42
MERGED from [com.android.support:support-v4:23.3.0] AndroidManifest.xml:20:5-43
MERGED from [com.google.android.gms:play-services-cast:8.4.0] AndroidManifest.xml:18:5-42
MERGED from [com.google.android.gms:play-services-base:8.4.0] AndroidManifest.xml:18:5-42
MERGED from [com.google.android.gms:play-services-basement:8.4.0] AndroidManifest.xml:18:5-42
MERGED from [com.android.support:support-v4:23.3.0] AndroidManifest.xml:20:5-43
MERGED from [com.android.support:mediarouter-v7:23.0.0] AndroidManifest.xml:20:5-43
MERGED from [com.android.support:appcompat-v7:23.3.0] AndroidManifest.xml:21:5-23:78
MERGED from [com.android.support:support-vector-drawable:23.3.0] AndroidManifest.xml:5:5-43
MERGED from [com.android.support:support-v4:23.3.0] AndroidManifest.xml:20:5-43
MERGED from [com.android.support:animated-vector-drawable:23.3.0] AndroidManifest.xml:5:5-44
MERGED from [com.android.support:support-vector-drawable:23.3.0] AndroidManifest.xml:5:5-43
MERGED from [com.android.support:support-v4:23.3.0] AndroidManifest.xml:20:5-43
MERGED from [com.android.support:support-v4:23.3.0] AndroidManifest.xml:20:5-43
MERGED from [com.google.android.gms:play-services-drive:8.4.0] AndroidManifest.xml:18:5-42
MERGED from [com.google.android.gms:play-services-base:8.4.0] AndroidManifest.xml:18:5-42
MERGED from [com.google.android.gms:play-services-basement:8.4.0] AndroidManifest.xml:18:5-42
MERGED from [com.android.support:support-v4:23.3.0] AndroidManifest.xml:20:5-43
MERGED from [com.google.android.gms:play-services-fitness:8.4.0] AndroidManifest.xml:18:5-42
MERGED from [com.google.android.gms:play-services-base:8.4.0] AndroidManifest.xml:18:5-42
MERGED from [com.google.android.gms:play-services-basement:8.4.0] AndroidManifest.xml:18:5-42
MERGED from [com.android.support:support-v4:23.3.0] AndroidManifest.xml:20:5-43
MERGED from [com.google.android.gms:play-services-location:8.4.0] AndroidManifest.xml:18:5-42
MERGED from [com.google.android.gms:play-services-base:8.4.0] AndroidManifest.xml:18:5-42
MERGED from [com.google.android.gms:play-services-basement:8.4.0] AndroidManifest.xml:18:5-42
MERGED from [com.android.support:support-v4:23.3.0] AndroidManifest.xml:20:5-43
MERGED from [com.google.android.gms:play-services-maps:8.4.0] AndroidManifest.xml:26:5-42
MERGED from [com.google.android.gms:play-services-base:8.4.0] AndroidManifest.xml:18:5-42
MERGED from [com.google.android.gms:play-services-basement:8.4.0] AndroidManifest.xml:18:5-42
MERGED from [com.android.support:support-v4:23.3.0] AndroidManifest.xml:20:5-43
MERGED from [com.google.android.gms:play-services-games:8.4.0] AndroidManifest.xml:18:5-42
MERGED from [com.google.android.gms:play-services-base:8.4.0] AndroidManifest.xml:18:5-42
MERGED from [com.google.android.gms:play-services-basement:8.4.0] AndroidManifest.xml:18:5-42
MERGED from [com.android.support:support-v4:23.3.0] AndroidManifest.xml:20:5-43
MERGED from [com.google.android.gms:play-services-drive:8.4.0] AndroidManifest.xml:18:5-42
MERGED from [com.google.android.gms:play-services-base:8.4.0] AndroidManifest.xml:18:5-42
MERGED from [com.google.android.gms:play-services-basement:8.4.0] AndroidManifest.xml:18:5-42
MERGED from [com.android.support:support-v4:23.3.0] AndroidManifest.xml:20:5-43
MERGED from [com.google.android.gms:play-services-gcm:8.4.0] AndroidManifest.xml:18:5-42
MERGED from [com.google.android.gms:play-services-base:8.4.0] AndroidManifest.xml:18:5-42
MERGED from [com.google.android.gms:play-services-basement:8.4.0] AndroidManifest.xml:18:5-42
MERGED from [com.android.support:support-v4:23.3.0] AndroidManifest.xml:20:5-43
MERGED from [com.google.android.gms:play-services-measurement:8.4.0] AndroidManifest.xml:18:5-42
MERGED from [com.google.android.gms:play-services-basement:8.4.0] AndroidManifest.xml:18:5-42
MERGED from [com.android.support:support-v4:23.3.0] AndroidManifest.xml:20:5-43
MERGED from [com.google.android.gms:play-services-identity:8.4.0] AndroidManifest.xml:18:5-42
MERGED from [com.google.android.gms:play-services-base:8.4.0] AndroidManifest.xml:18:5-42
MERGED from [com.google.android.gms:play-services-basement:8.4.0] AndroidManifest.xml:18:5-42
MERGED from [com.android.support:support-v4:23.3.0] AndroidManifest.xml:20:5-43
MERGED from [com.google.android.gms:play-services-location:8.4.0] AndroidManifest.xml:18:5-42
MERGED from [com.google.android.gms:play-services-base:8.4.0] AndroidManifest.xml:18:5-42
MERGED from [com.google.android.gms:play-services-basement:8.4.0] AndroidManifest.xml:18:5-42
MERGED from [com.android.support:support-v4:23.3.0] AndroidManifest.xml:20:5-43
MERGED from [com.google.android.gms:play-services-maps:8.4.0] AndroidManifest.xml:26:5-42
MERGED from [com.google.android.gms:play-services-base:8.4.0] AndroidManifest.xml:18:5-42
MERGED from [com.google.android.gms:play-services-basement:8.4.0] AndroidManifest.xml:18:5-42
MERGED from [com.android.support:support-v4:23.3.0] AndroidManifest.xml:20:5-43
MERGED from [com.google.android.gms:play-services-maps:8.4.0] AndroidManifest.xml:26:5-42
MERGED from [com.google.android.gms:play-services-base:8.4.0] AndroidManifest.xml:18:5-42
MERGED from [com.google.android.gms:play-services-basement:8.4.0] AndroidManifest.xml:18:5-42
MERGED from [com.android.support:support-v4:23.3.0] AndroidManifest.xml:20:5-43
MERGED from [com.google.android.gms:play-services-measurement:8.4.0] AndroidManifest.xml:18:5-42
MERGED from [com.google.android.gms:play-services-basement:8.4.0] AndroidManifest.xml:18:5-42
MERGED from [com.android.support:support-v4:23.3.0] AndroidManifest.xml:20:5-43
MERGED from [com.google.android.gms:play-services-nearby:8.4.0] AndroidManifest.xml:18:5-42
MERGED from [com.google.android.gms:play-services-base:8.4.0] AndroidManifest.xml:18:5-42
MERGED from [com.google.android.gms:play-services-basement:8.4.0] AndroidManifest.xml:18:5-42
MERGED from [com.android.support:support-v4:23.3.0] AndroidManifest.xml:20:5-43
MERGED from [com.google.android.gms:play-services-panorama:8.4.0] AndroidManifest.xml:18:5-42
MERGED from [com.google.android.gms:play-services-base:8.4.0] AndroidManifest.xml:18:5-42
MERGED from [com.google.android.gms:play-services-basement:8.4.0] AndroidManifest.xml:18:5-42
MERGED from [com.android.support:support-v4:23.3.0] AndroidManifest.xml:20:5-43
MERGED from [com.google.android.gms:play-services-plus:8.4.0] AndroidManifest.xml:18:5-42
MERGED from [com.google.android.gms:play-services-base:8.4.0] AndroidManifest.xml:18:5-42
MERGED from [com.google.android.gms:play-services-basement:8.4.0] AndroidManifest.xml:18:5-42
MERGED from [com.android.support:support-v4:23.3.0] AndroidManifest.xml:20:5-43
MERGED from [com.google.android.gms:play-services-safetynet:8.4.0] AndroidManifest.xml:18:5-42
MERGED from [com.google.android.gms:play-services-base:8.4.0] AndroidManifest.xml:18:5-42
MERGED from [com.google.android.gms:play-services-basement:8.4.0] AndroidManifest.xml:18:5-42
MERGED from [com.android.support:support-v4:23.3.0] AndroidManifest.xml:20:5-43
MERGED from [com.google.android.gms:play-services-vision:8.4.0] AndroidManifest.xml:4:5-42
MERGED from [com.google.android.gms:play-services-base:8.4.0] AndroidManifest.xml:18:5-42
MERGED from [com.google.android.gms:play-services-basement:8.4.0] AndroidManifest.xml:18:5-42
MERGED from [com.android.support:support-v4:23.3.0] AndroidManifest.xml:20:5-43
MERGED from [com.google.android.gms:play-services-wallet:8.4.0] AndroidManifest.xml:19:5-42
MERGED from [com.google.android.gms:play-services-base:8.4.0] AndroidManifest.xml:18:5-42
MERGED from [com.google.android.gms:play-services-basement:8.4.0] AndroidManifest.xml:18:5-42
MERGED from [com.android.support:support-v4:23.3.0] AndroidManifest.xml:20:5-43
MERGED from [com.google.android.gms:play-services-identity:8.4.0] AndroidManifest.xml:18:5-42
MERGED from [com.google.android.gms:play-services-base:8.4.0] AndroidManifest.xml:18:5-42
MERGED from [com.google.android.gms:play-services-basement:8.4.0] AndroidManifest.xml:18:5-42
MERGED from [com.android.support:support-v4:23.3.0] AndroidManifest.xml:20:5-43
MERGED from [com.google.android.gms:play-services-maps:8.4.0] AndroidManifest.xml:26:5-42
MERGED from [com.google.android.gms:play-services-base:8.4.0] AndroidManifest.xml:18:5-42
MERGED from [com.google.android.gms:play-services-basement:8.4.0] AndroidManifest.xml:18:5-42
MERGED from [com.android.support:support-v4:23.3.0] AndroidManifest.xml:20:5-43
MERGED from [com.google.android.gms:play-services-wearable:8.4.0] AndroidManifest.xml:18:5-42
MERGED from [com.google.android.gms:play-services-base:8.4.0] AndroidManifest.xml:18:5-42
MERGED from [com.google.android.gms:play-services-basement:8.4.0] AndroidManifest.xml:18:5-42
MERGED from [com.android.support:support-v4:23.3.0] AndroidManifest.xml:20:5-43
	tools:overrideLibrary
		ADDED from [com.android.support:appcompat-v7:23.3.0] AndroidManifest.xml:23:9-75
	android:targetSdkVersion
		INJECTED from src/main/AndroidManifest.xml
		INJECTED from src/main/AndroidManifest.xml
	android:minSdkVersion
		INJECTED from src/main/AndroidManifest.xml
		INJECTED from src/main/AndroidManifest.xml
uses-permission#android.permission.ACCESS_NETWORK_STATE
ADDED from [com.google.android.gms:play-services-ads:8.4.0] AndroidManifest.xml:21:5-78
MERGED from [com.google.android.gms:play-services-analytics:8.4.0] AndroidManifest.xml:22:5-79